Using pre-set license
Built from '2022.3/staging' branch; Version is '2022.3.10f1 (ff3792e53c62) revision 16725906'; Using compiler version '192829333'; Build Type 'Release'
OS: 'Windows 10  (10.0.19045) 64bit Professional' Language: 'en' Physical Memory: 65474 MB
BatchMode: 1, IsHumanControllingUs: 0, StartBugReporterOnCrash: 0, Is64bit: 1, IsPro: 1

COMMAND LINE ARGUMENTS:
D:\Unity\2022.3.10f1\Editor\Unity.exe
-adb2
-batchMode
-noUpm
-name
AssetImportWorker2
-projectPath
C:/Users/kaich/Documents/Unity Projects/Overtime
-logFile
Logs/AssetImportWorker2.log
-srvPort
55309
Successfully changed project path to: C:/Users/kaich/Documents/Unity Projects/Overtime
C:/Users/kaich/Documents/Unity Projects/Overtime
[UnityMemory] Configuration Parameters - Can be set up in boot.config
    "memorysetup-bucket-allocator-granularity=16"
    "memorysetup-bucket-allocator-bucket-count=8"
    "memorysetup-bucket-allocator-block-size=33554432"
    "memorysetup-bucket-allocator-block-count=8"
    "memorysetup-main-allocator-block-size=16777216"
    "memorysetup-thread-allocator-block-size=16777216"
    "memorysetup-gfx-main-allocator-block-size=16777216"
    "memorysetup-gfx-thread-allocator-block-size=16777216"
    "memorysetup-cache-allocator-block-size=4194304"
    "memorysetup-typetree-allocator-block-size=2097152"
    "memorysetup-profiler-bucket-allocator-granularity=16"
    "memorysetup-profiler-bucket-allocator-bucket-count=8"
    "memorysetup-profiler-bucket-allocator-block-size=33554432"
    "memorysetup-profiler-bucket-allocator-block-count=8"
    "memorysetup-profiler-allocator-block-size=16777216"
    "memorysetup-profiler-editor-allocator-block-size=1048576"
    "memorysetup-temp-allocator-size-main=16777216"
    "memorysetup-job-temp-allocator-block-size=2097152"
    "memorysetup-job-temp-allocator-block-size-background=1048576"
    "memorysetup-job-temp-allocator-reduction-small-platforms=262144"
    "memorysetup-allocator-temp-initial-block-size-main=262144"
    "memorysetup-allocator-temp-initial-block-size-worker=262144"
    "memorysetup-temp-allocator-size-background-worker=32768"
    "memorysetup-temp-allocator-size-job-worker=262144"
    "memorysetup-temp-allocator-size-preload-manager=33554432"
    "memorysetup-temp-allocator-size-nav-mesh-worker=65536"
    "memorysetup-temp-allocator-size-audio-worker=65536"
    "memorysetup-temp-allocator-size-cloud-worker=32768"
    "memorysetup-temp-allocator-size-gi-baking-worker=262144"
    "memorysetup-temp-allocator-size-gfx=262144"
Player connection [25132] Host "[IP] 192.168.1.67 [Port] 0 [Flags] 2 [Guid] 3523641564 [EditorId] 3523641564 [Version] 1048832 [Id] WindowsEditor(7,DESKTOP-MKSOF0A) [Debug] 1 [PackageName] WindowsEditor [ProjectName] Editor" joined multi-casting on [225.0.0.222:54997]...

Player connection [25132] Host "[IP] 192.168.1.67 [Port] 0 [Flags] 2 [Guid] 3523641564 [EditorId] 3523641564 [Version] 1048832 [Id] WindowsEditor(7,DESKTOP-MKSOF0A) [Debug] 1 [PackageName] WindowsEditor [ProjectName] Editor" joined alternative multi-casting on [225.0.0.222:34997]...

[Physics::Module] Initialized MultithreadedJobDispatcher with 15 workers.
Refreshing native plugins compatible for Editor in 11.77 ms, found 3 plugins.
Preloading 0 native plugins for Editor in 0.00 ms.
Initialize engine version: 2022.3.10f1 (ff3792e53c62)
[Subsystems] Discovering subsystems at path D:/Unity/2022.3.10f1/Editor/Data/Resources/UnitySubsystems
[Subsystems] Discovering subsystems at path C:/Users/kaich/Documents/Unity Projects/Overtime/Assets
GfxDevice: creating device client; threaded=0; jobified=0
Direct3D:
    Version:  Direct3D 11.0 [level 11.1]
    Renderer: NVIDIA GeForce RTX 2060 (ID=0x1f08)
    Vendor:   NVIDIA
    VRAM:     5968 MB
    Driver:   31.0.15.3758
Initialize mono
Mono path[0] = 'D:/Unity/2022.3.10f1/Editor/Data/Managed'
Mono path[1] = 'D:/Unity/2022.3.10f1/Editor/Data/MonoBleedingEdge/lib/mono/unityjit-win32'
Mono config path = 'D:/Unity/2022.3.10f1/Editor/Data/MonoBleedingEdge/etc'
Using monoOptions --debugger-agent=transport=dt_socket,embedding=1,server=y,suspend=n,address=127.0.0.1:56028
Begin MonoManager ReloadAssembly
Registering precompiled unity dll's ...
Register platform support module: D:/Unity/2022.3.10f1/Editor/Data/PlaybackEngines/WebGLSupport/UnityEditor.WebGL.Extensions.dll
Register platform support module: D:/Unity/2022.3.10f1/Editor/Data/PlaybackEngines/AndroidPlayer/UnityEditor.Android.Extensions.dll
Register platform support module: D:/Unity/2022.3.10f1/Editor/Data/PlaybackEngines/WindowsStandaloneSupport/UnityEditor.WindowsStandalone.Extensions.dll
Registered in 0.005658 seconds.
- Loaded All Assemblies, in  0.343 seconds
Native extension for WindowsStandalone target not found
Native extension for Android target not found
Android Extension - Scanning For ADB Devices 280 ms
Native extension for WebGL target not found
Mono: successfully reloaded assembly
- Finished resetting the current domain, in  0.575 seconds
Domain Reload Profiling: 919ms
	BeginReloadAssembly (108ms)
		ExecutionOrderSort (0ms)
		DisableScriptedObjects (0ms)
		BackupInstance (0ms)
		ReleaseScriptingObjects (0ms)
		CreateAndSetChildDomain (1ms)
	RebuildCommonClasses (31ms)
	RebuildNativeTypeToScriptingClass (11ms)
	initialDomainReloadingComplete (49ms)
	LoadAllAssembliesAndSetupDomain (143ms)
		LoadAssemblies (109ms)
		RebuildTransferFunctionScriptingTraits (0ms)
		AnalyzeDomain (140ms)
			TypeCache.Refresh (139ms)
				TypeCache.ScanAssembly (127ms)
			ScanForSourceGeneratedMonoScriptInfo (0ms)
			ResolveRequiredComponents (0ms)
	FinalizeReload (576ms)
		ReleaseScriptCaches (0ms)
		RebuildScriptCaches (0ms)
		SetupLoadedEditorAssemblies (528ms)
			LogAssemblyErrors (0ms)
			InitializePlatformSupportModulesInManaged (400ms)
			SetLoadedEditorAssemblies (3ms)
			RefreshPlugins (0ms)
			BeforeProcessingInitializeOnLoad (2ms)
			ProcessInitializeOnLoadAttributes (85ms)
			ProcessInitializeOnLoadMethodAttributes (39ms)
			AfterProcessingInitializeOnLoad (0ms)
			EditorAssembliesLoaded (0ms)
		ExecutionOrderSort2 (0ms)
		AwakeInstancesAfterBackupRestoration (0ms)
========================================================================
Worker process is ready to serve import requests
Begin MonoManager ReloadAssembly
Symbol file LoadedFromMemory is not a mono symbol file
- Loaded All Assemblies, in  0.734 seconds
Refreshing native plugins compatible for Editor in 4.80 ms, found 3 plugins.
Native extension for WindowsStandalone target not found
Native extension for Android target not found
Native extension for WebGL target not found
Package Manager log level set to [2]
[Package Manager] Server::EnsureServerProcessIsRunning -- launch failed, reason: Unity was launched with the -noUpm command-line argument
[Package Manager] UpmClient::Send -- Unable to send message (not connected to UPM process).
[Package Manager] Cannot connect to Unity Package Manager local server
Mono: successfully reloaded assembly
- Finished resetting the current domain, in  0.671 seconds
Domain Reload Profiling: 1401ms
	BeginReloadAssembly (137ms)
		ExecutionOrderSort (0ms)
		DisableScriptedObjects (5ms)
		BackupInstance (0ms)
		ReleaseScriptingObjects (0ms)
		CreateAndSetChildDomain (20ms)
	RebuildCommonClasses (35ms)
	RebuildNativeTypeToScriptingClass (10ms)
	initialDomainReloadingComplete (38ms)
	LoadAllAssembliesAndSetupDomain (510ms)
		LoadAssemblies (332ms)
		RebuildTransferFunctionScriptingTraits (0ms)
		AnalyzeDomain (261ms)
			TypeCache.Refresh (219ms)
				TypeCache.ScanAssembly (196ms)
			ScanForSourceGeneratedMonoScriptInfo (31ms)
			ResolveRequiredComponents (11ms)
	FinalizeReload (671ms)
		ReleaseScriptCaches (0ms)
		RebuildScriptCaches (0ms)
		SetupLoadedEditorAssemblies (496ms)
			LogAssemblyErrors (0ms)
			InitializePlatformSupportModulesInManaged (23ms)
			SetLoadedEditorAssemblies (3ms)
			RefreshPlugins (0ms)
			BeforeProcessingInitializeOnLoad (87ms)
			ProcessInitializeOnLoadAttributes (318ms)
			ProcessInitializeOnLoadMethodAttributes (62ms)
			AfterProcessingInitializeOnLoad (2ms)
			EditorAssembliesLoaded (0ms)
		ExecutionOrderSort2 (0ms)
		AwakeInstancesAfterBackupRestoration (6ms)
Launched and connected shader compiler UnityShaderCompiler.exe after 0.04 seconds
Refreshing native plugins compatible for Editor in 6.86 ms, found 3 plugins.
Preloading 0 native plugins for Editor in 0.00 ms.
Unloading 6799 Unused Serialized files (Serialized files now loaded: 0)
Unloading 97 unused Assets / (1.6 MB). Loaded Objects now: 7247.
Memory consumption went from 263.3 MB to 261.7 MB.
Total: 4.583800 ms (FindLiveObjects: 0.497000 ms CreateObjectMapping: 0.515100 ms MarkObjects: 3.143700 ms  DeleteObjects: 0.427100 ms)

AssetImportParameters requested are different than current active one (requested -> active):
  custom:container-demuxer-ogg: 62fdf1f143b41e24485cea50d1cbac27 -> 
  custom:framework-win-MediaFoundation: 216162199b28c13a410421893ffa2e32 -> 
  custom:container-muxer-webm: aa71ff27fc2769a1b78a27578f13a17b -> 
  custom:video-decoder-webm-vp8: 9c59270c3fd7afecdb556c50c9e8de78 -> 
  custom:AudioImporter_EditorPlatform: d09bf68614088b80899f8185d706f6e7 -> 
  custom:audio-decoder-ogg-vorbis: bf7c407c2cedff20999df2af8eb42d56 -> 
  custom:audio-encoder-webm-vorbis: bf7c407c2cedff20999df2af8eb42d56 -> 
  custom:video-decoder-ogg-theora: a1e56fd34408186e4bbccfd4996cb3dc -> 
  custom:container-demuxer-webm: 4f35f7cbe854078d1ac9338744f61a02 -> 
  custom:video-encoder-webm-vp8: eb34c28f22e8b96e1ab97ce403110664 -> 
========================================================================
Received Import Request.
  Time since last request: 40936.090008 seconds.
  path: Assets/Sounds/Gameover.wav
  artifactKey: Guid(314a0a2d21c19fd4fb8e405e0c1be886) Importer(815301076,1909f56bfc062723c751e8b465ee728b)
Start importing Assets/Sounds/Gameover.wav using Guid(314a0a2d21c19fd4fb8e405e0c1be886) Importer(815301076,1909f56bfc062723c751e8b465ee728b)  -> (artifact id: '418da9350899c7de72de3e5dbdf9aead') in 0.078343 seconds
Number of updated asset objects reloaded before import = 0
Number of asset objects unloaded after import = 2
========================================================================
Received Import Request.
  Time since last request: 0.000045 seconds.
  path: Assets/Sounds/Gun Reload.mp3
  artifactKey: Guid(e554943f09ac2334ba460060e3267ab9) Importer(815301076,1909f56bfc062723c751e8b465ee728b)
Start importing Assets/Sounds/Gun Reload.mp3 using Guid(e554943f09ac2334ba460060e3267ab9) Importer(815301076,1909f56bfc062723c751e8b465ee728b)  -> (artifact id: '9a50fa9ead26fd4f6f3c0a141b1e6e45') in 0.016291 seconds
Number of updated asset objects reloaded before import = 0
Number of asset objects unloaded after import = 2
========================================================================
Received Import Request.
  Time since last request: 0.000018 seconds.
  path: Assets/Sounds/Gate Deactivate.wav
  artifactKey: Guid(d564b2ce2a72da74a9d146e77151d201) Importer(815301076,1909f56bfc062723c751e8b465ee728b)
Start importing Assets/Sounds/Gate Deactivate.wav using Guid(d564b2ce2a72da74a9d146e77151d201) Importer(815301076,1909f56bfc062723c751e8b465ee728b)  -> (artifact id: '4022479db8f0632d0a4a29016743b20f') in 0.012766 seconds
Number of updated asset objects reloaded before import = 0
Number of asset objects unloaded after import = 2
========================================================================
Received Import Request.
  Time since last request: 0.000019 seconds.
  path: Assets/Sounds/Lazer Shoot.wav
  artifactKey: Guid(c356de8b9c0799948acd7b9beff82fc5) Importer(815301076,1909f56bfc062723c751e8b465ee728b)
Start importing Assets/Sounds/Lazer Shoot.wav using Guid(c356de8b9c0799948acd7b9beff82fc5) Importer(815301076,1909f56bfc062723c751e8b465ee728b)  -> (artifact id: '2dda452b0ff9548e7641e9ad918f9c10') in 0.015012 seconds
Number of updated asset objects reloaded before import = 0
Number of asset objects unloaded after import = 2
========================================================================
Received Import Request.
  Time since last request: 0.000019 seconds.
  path: Assets/Sounds/Button Press 2.wav
  artifactKey: Guid(466f0ad52ade0e0408f7768444a673c4) Importer(815301076,1909f56bfc062723c751e8b465ee728b)
Start importing Assets/Sounds/Button Press 2.wav using Guid(466f0ad52ade0e0408f7768444a673c4) Importer(815301076,1909f56bfc062723c751e8b465ee728b)  -> (artifact id: 'f285fdc9557e41a3c1793e938fb83942') in 0.014038 seconds
Number of updated asset objects reloaded before import = 0
Number of asset objects unloaded after import = 2
========================================================================
Received Import Request.
  Time since last request: 1.287186 seconds.
  path: Assets/Scenes/GameScene.unity
  artifactKey: Guid(c6061672c24d3834ea6db6a27b566d37) Importer(815301076,1909f56bfc062723c751e8b465ee728b)
Start importing Assets/Scenes/GameScene.unity using Guid(c6061672c24d3834ea6db6a27b566d37) Importer(815301076,1909f56bfc062723c751e8b465ee728b)  -> (artifact id: '35577e96863d5fe422fbabefd143f881') in 0.000477 seconds
Number of updated asset objects reloaded before import = 0
Number of asset objects unloaded after import = 0
========================================================================
Received Prepare
Begin MonoManager ReloadAssembly
Symbol file LoadedFromMemory is not a mono symbol file
- Loaded All Assemblies, in  0.489 seconds
Refreshing native plugins compatible for Editor in 5.37 ms, found 3 plugins.
Native extension for WindowsStandalone target not found
Native extension for Android target not found
Native extension for WebGL target not found
[Package Manager] Server::EnsureServerProcessIsRunning -- launch failed, reason: Unity was launched with the -noUpm command-line argument
[Package Manager] UpmClient::Send -- Unable to send message (not connected to UPM process).
[Package Manager] Cannot connect to Unity Package Manager local server
Mono: successfully reloaded assembly
- Finished resetting the current domain, in  1.308 seconds
Domain Reload Profiling: 1793ms
	BeginReloadAssembly (170ms)
		ExecutionOrderSort (0ms)
		DisableScriptedObjects (4ms)
		BackupInstance (0ms)
		ReleaseScriptingObjects (0ms)
		CreateAndSetChildDomain (35ms)
	RebuildCommonClasses (28ms)
	RebuildNativeTypeToScriptingClass (10ms)
	initialDomainReloadingComplete (22ms)
	LoadAllAssembliesAndSetupDomain (255ms)
		LoadAssemblies (320ms)
		RebuildTransferFunctionScriptingTraits (0ms)
		AnalyzeDomain (31ms)
			TypeCache.Refresh (18ms)
				TypeCache.ScanAssembly (0ms)
			ScanForSourceGeneratedMonoScriptInfo (0ms)
			ResolveRequiredComponents (11ms)
	FinalizeReload (1309ms)
		ReleaseScriptCaches (0ms)
		RebuildScriptCaches (0ms)
		SetupLoadedEditorAssemblies (536ms)
			LogAssemblyErrors (0ms)
			InitializePlatformSupportModulesInManaged (21ms)
			SetLoadedEditorAssemblies (4ms)
			RefreshPlugins (0ms)
			BeforeProcessingInitializeOnLoad (80ms)
			ProcessInitializeOnLoadAttributes (345ms)
			ProcessInitializeOnLoadMethodAttributes (82ms)
			AfterProcessingInitializeOnLoad (3ms)
			EditorAssembliesLoaded (1ms)
		ExecutionOrderSort2 (0ms)
		AwakeInstancesAfterBackupRestoration (20ms)
Refreshing native plugins compatible for Editor in 5.31 ms, found 3 plugins.
Preloading 0 native plugins for Editor in 0.00 ms.
Unloading 6587 Unused Serialized files (Serialized files now loaded: 0)
Unloading 62 unused Assets / (1.6 MB). Loaded Objects now: 7260.
Memory consumption went from 223.0 MB to 221.4 MB.
Total: 4.462700 ms (FindLiveObjects: 0.597600 ms CreateObjectMapping: 0.559600 ms MarkObjects: 2.976000 ms  DeleteObjects: 0.328700 ms)

Prepare: number of updated asset objects reloaded= 0
AssetImportParameters requested are different than current active one (requested -> active):
  custom:container-demuxer-ogg: 62fdf1f143b41e24485cea50d1cbac27 -> 
  custom:framework-win-MediaFoundation: 216162199b28c13a410421893ffa2e32 -> 
  custom:container-muxer-webm: aa71ff27fc2769a1b78a27578f13a17b -> 
  custom:video-decoder-webm-vp8: 9c59270c3fd7afecdb556c50c9e8de78 -> 
  custom:SearchIndexIgnoredProperties: e643bd26f0fe6173181afceb89e7c659 -> 
  custom:AudioImporter_EditorPlatform: d09bf68614088b80899f8185d706f6e7 -> 
  custom:audio-decoder-ogg-vorbis: bf7c407c2cedff20999df2af8eb42d56 -> 
  custom:audio-encoder-webm-vorbis: bf7c407c2cedff20999df2af8eb42d56 -> 
  custom:video-decoder-ogg-theora: a1e56fd34408186e4bbccfd4996cb3dc -> 
  custom:CustomObjectIndexerAttribute: d54d2f2da18e7612c182cf67624b6b12 -> 
  custom:container-demuxer-webm: 4f35f7cbe854078d1ac9338744f61a02 -> 
  custom:video-encoder-webm-vp8: eb34c28f22e8b96e1ab97ce403110664 -> 
========================================================================
Received Prepare
Refreshing native plugins compatible for Editor in 6.70 ms, found 3 plugins.
Preloading 0 native plugins for Editor in 0.00 ms.
Unloading 15 Unused Serialized files (Serialized files now loaded: 0)
Unloading 15 unused Assets / (1.6 MB). Loaded Objects now: 7260.
Memory consumption went from 121.6 MB to 120.0 MB.
Total: 5.066400 ms (FindLiveObjects: 0.564000 ms CreateObjectMapping: 0.564700 ms MarkObjects: 3.513900 ms  DeleteObjects: 0.422900 ms)

Prepare: number of updated asset objects reloaded= 0
AssetImportParameters requested are different than current active one (requested -> active):
  custom:container-demuxer-ogg: 62fdf1f143b41e24485cea50d1cbac27 -> 
  custom:framework-win-MediaFoundation: 216162199b28c13a410421893ffa2e32 -> 
  custom:container-muxer-webm: aa71ff27fc2769a1b78a27578f13a17b -> 
  custom:video-decoder-webm-vp8: 9c59270c3fd7afecdb556c50c9e8de78 -> 
  custom:SearchIndexIgnoredProperties: e643bd26f0fe6173181afceb89e7c659 -> 
  custom:AudioImporter_EditorPlatform: d09bf68614088b80899f8185d706f6e7 -> 
  custom:audio-decoder-ogg-vorbis: bf7c407c2cedff20999df2af8eb42d56 -> 
  custom:audio-encoder-webm-vorbis: bf7c407c2cedff20999df2af8eb42d56 -> 
  custom:video-decoder-ogg-theora: a1e56fd34408186e4bbccfd4996cb3dc -> 
  custom:CustomObjectIndexerAttribute: d54d2f2da18e7612c182cf67624b6b12 -> 
  custom:container-demuxer-webm: 4f35f7cbe854078d1ac9338744f61a02 -> 
  custom:video-encoder-webm-vp8: eb34c28f22e8b96e1ab97ce403110664 -> 
========================================================================
Received Import Request.
  Time since last request: 1580.471267 seconds.
  path: Assets/Prefab/Assault Rifle.prefab
  artifactKey: Guid(48ab9f735a9c3834b97a989928d0cffd) Importer(815301076,1909f56bfc062723c751e8b465ee728b)
Start importing Assets/Prefab/Assault Rifle.prefab using Guid(48ab9f735a9c3834b97a989928d0cffd) Importer(815301076,1909f56bfc062723c751e8b465ee728b)  -> (artifact id: '1290e74b80ca98b76e9abd667cd5d56f') in 3.475411 seconds
Number of updated asset objects reloaded before import = 0
Number of asset objects unloaded after import = 150
========================================================================
Received Import Request.
  Time since last request: 0.000021 seconds.
  path: Assets/Prefab/Health Kit.prefab
  artifactKey: Guid(1942252366884c741bfab1b503577316) Importer(815301076,1909f56bfc062723c751e8b465ee728b)
Start importing Assets/Prefab/Health Kit.prefab using Guid(1942252366884c741bfab1b503577316) Importer(815301076,1909f56bfc062723c751e8b465ee728b)  -> (artifact id: '007d3826861e49155ac330e4eae4ddfc') in 0.023215 seconds
Number of updated asset objects reloaded before import = 0
Number of asset objects unloaded after import = 64
========================================================================
Received Import Request.
  Time since last request: 0.000028 seconds.
  path: Assets/Prefab/Large Wall Gate.prefab
  artifactKey: Guid(a1375dada2abc1f468507b3c641af65c) Importer(815301076,1909f56bfc062723c751e8b465ee728b)
Start importing Assets/Prefab/Large Wall Gate.prefab using Guid(a1375dada2abc1f468507b3c641af65c) Importer(815301076,1909f56bfc062723c751e8b465ee728b)  -> (artifact id: 'b4b17e27b5de5379934a60c962e26cd6') in 0.024499 seconds
Number of updated asset objects reloaded before import = 0
Number of asset objects unloaded after import = 119
========================================================================
Received Import Request.
  Time since last request: 0.000018 seconds.
  path: Assets/Prefab/Bullet 3.prefab
  artifactKey: Guid(ea5784dec6c867746bcfa062a7a0475b) Importer(815301076,1909f56bfc062723c751e8b465ee728b)
Start importing Assets/Prefab/Bullet 3.prefab using Guid(ea5784dec6c867746bcfa062a7a0475b) Importer(815301076,1909f56bfc062723c751e8b465ee728b)  -> (artifact id: '1f3bb64c73c20e727b495b4f45f847ce') in 0.025530 seconds
Number of updated asset objects reloaded before import = 0
Number of asset objects unloaded after import = 30
========================================================================
Received Import Request.
  Time since last request: 0.000025 seconds.
  path: Assets/Prefab/vfx_sml_explosion.prefab
  artifactKey: Guid(d2b4a49958da7404cb4bc4b5ec1183db) Importer(815301076,1909f56bfc062723c751e8b465ee728b)
Start importing Assets/Prefab/vfx_sml_explosion.prefab using Guid(d2b4a49958da7404cb4bc4b5ec1183db) Importer(815301076,1909f56bfc062723c751e8b465ee728b)  -> (artifact id: '10d98c5b0d63ee09aaae5fc1ac3924ee') in 0.117543 seconds
Number of updated asset objects reloaded before import = 0
Number of asset objects unloaded after import = 20
========================================================================
Received Import Request.
  Time since last request: 0.000025 seconds.
  path: Assets/Prefab/V2 Fast Ninja.prefab
  artifactKey: Guid(838e84acea60f694a8084a4ff692ccd4) Importer(815301076,1909f56bfc062723c751e8b465ee728b)
Start importing Assets/Prefab/V2 Fast Ninja.prefab using Guid(838e84acea60f694a8084a4ff692ccd4) Importer(815301076,1909f56bfc062723c751e8b465ee728b)  -> (artifact id: '008241047ee88683c65af65463f0cae3') in 0.108252 seconds
Number of updated asset objects reloaded before import = 0
Number of asset objects unloaded after import = 285
========================================================================
Received Import Request.
  Time since last request: 0.000041 seconds.
  path: Assets/SO/Enemy SO/V2 Fast Ninja.asset
  artifactKey: Guid(47cdc12b9e014e643ad0a2f641bac2e1) Importer(815301076,1909f56bfc062723c751e8b465ee728b)
Start importing Assets/SO/Enemy SO/V2 Fast Ninja.asset using Guid(47cdc12b9e014e643ad0a2f641bac2e1) Importer(815301076,1909f56bfc062723c751e8b465ee728b)  -> (artifact id: 'a3d4219bac1ad5f222e39f37f5b2d0c8') in 0.005818 seconds
Number of updated asset objects reloaded before import = 0
Number of asset objects unloaded after import = 258
========================================================================
Received Import Request.
  Time since last request: 0.000038 seconds.
  path: Assets/Prefab/V2 Tank Ninja.prefab
  artifactKey: Guid(1e7a2f6614cfd46469864ba143d63222) Importer(815301076,1909f56bfc062723c751e8b465ee728b)
Start importing Assets/Prefab/V2 Tank Ninja.prefab using Guid(1e7a2f6614cfd46469864ba143d63222) Importer(815301076,1909f56bfc062723c751e8b465ee728b)  -> (artifact id: '031a51951e79a8fae00be4fe0b6707cd') in 0.027472 seconds
Number of updated asset objects reloaded before import = 0
Number of asset objects unloaded after import = 416
========================================================================
Received Import Request.
  Time since last request: 0.000018 seconds.
  path: Assets/Prefab/Enemy Entrance.prefab
  artifactKey: Guid(6c67e4fa544c24346b989106d9a1c57a) Importer(815301076,1909f56bfc062723c751e8b465ee728b)
Start importing Assets/Prefab/Enemy Entrance.prefab using Guid(6c67e4fa544c24346b989106d9a1c57a) Importer(815301076,1909f56bfc062723c751e8b465ee728b)  -> (artifact id: 'c48a226442ee50829766fa04436fc8d1') in 0.098388 seconds
Number of updated asset objects reloaded before import = 0
Number of asset objects unloaded after import = 90
========================================================================
Received Import Request.
  Time since last request: 0.000073 seconds.
  path: Assets/Prefab/Shells.prefab
  artifactKey: Guid(26586232c2b6bd7469dd7e64a41607a4) Importer(815301076,1909f56bfc062723c751e8b465ee728b)
Start importing Assets/Prefab/Shells.prefab using Guid(26586232c2b6bd7469dd7e64a41607a4) Importer(815301076,1909f56bfc062723c751e8b465ee728b)  -> (artifact id: '9dd67f06ad9bd271384412383b1a87eb') in 0.022230 seconds
Number of updated asset objects reloaded before import = 0
Number of asset objects unloaded after import = 35
========================================================================
Received Import Request.
  Time since last request: 0.000018 seconds.
  path: Assets/Prefab/Tank Ninja.prefab
  artifactKey: Guid(4818c07bd881ee5418eec9abd2686917) Importer(815301076,1909f56bfc062723c751e8b465ee728b)
Start importing Assets/Prefab/Tank Ninja.prefab using Guid(4818c07bd881ee5418eec9abd2686917) Importer(815301076,1909f56bfc062723c751e8b465ee728b)  -> (artifact id: 'aec3e1f0e879644ee29aa611f7f608ab') in 0.028086 seconds
Number of updated asset objects reloaded before import = 0
Number of asset objects unloaded after import = 401
========================================================================
Received Import Request.
  Time since last request: 0.000028 seconds.
  path: Assets/Prefab/Wall Gate.prefab
  artifactKey: Guid(360bcbac0843dd648bef10762b82f53f) Importer(815301076,1909f56bfc062723c751e8b465ee728b)
Start importing Assets/Prefab/Wall Gate.prefab using Guid(360bcbac0843dd648bef10762b82f53f) Importer(815301076,1909f56bfc062723c751e8b465ee728b)  -> (artifact id: '6ee0a1d4ff80693309e17a13e0030419') in 0.021337 seconds
Number of updated asset objects reloaded before import = 0
Number of asset objects unloaded after import = 119
========================================================================
Received Import Request.
  Time since last request: 0.000023 seconds.
  path: Assets/Prefab/Stage Gate.prefab
  artifactKey: Guid(98cda3fea7b4775439670505affd25fe) Importer(815301076,1909f56bfc062723c751e8b465ee728b)
Start importing Assets/Prefab/Stage Gate.prefab using Guid(98cda3fea7b4775439670505affd25fe) Importer(815301076,1909f56bfc062723c751e8b465ee728b)  -> (artifact id: '5d8ebb7a06fc28fce9ea98e1d6c8e72b') in 0.021934 seconds
Number of updated asset objects reloaded before import = 0
Number of asset objects unloaded after import = 214
========================================================================
Received Import Request.
  Time since last request: 0.000017 seconds.
  path: Assets/Prefab/Player.prefab
  artifactKey: Guid(6dc07a6d6c0d7234f81a95e914fa00d1) Importer(815301076,1909f56bfc062723c751e8b465ee728b)
Start importing Assets/Prefab/Player.prefab using Guid(6dc07a6d6c0d7234f81a95e914fa00d1) Importer(815301076,1909f56bfc062723c751e8b465ee728b)  -> (artifact id: 'ed7741b5a306351cfed8238515f1530c') in 0.040192 seconds
Number of updated asset objects reloaded before import = 0
Number of asset objects unloaded after import = 259
========================================================================
Received Import Request.
  Time since last request: 0.000017 seconds.
  path: Assets/SO/Enemy SO/V2 Tank Ninja.asset
  artifactKey: Guid(e700fb71b4b113447bbc2bcd4416d74f) Importer(815301076,1909f56bfc062723c751e8b465ee728b)
Start importing Assets/SO/Enemy SO/V2 Tank Ninja.asset using Guid(e700fb71b4b113447bbc2bcd4416d74f) Importer(815301076,1909f56bfc062723c751e8b465ee728b)  -> (artifact id: '9e0f5e710a6675fc161a96dfd568561e') in 0.004685 seconds
Number of updated asset objects reloaded before import = 0
Number of asset objects unloaded after import = 384
========================================================================
Received Import Request.
  Time since last request: 0.000023 seconds.
  path: Assets/SO/Enemy SO/Fast Ninja.asset
  artifactKey: Guid(707a804c96eee234b8165685c9711d8e) Importer(815301076,1909f56bfc062723c751e8b465ee728b)
Start importing Assets/SO/Enemy SO/Fast Ninja.asset using Guid(707a804c96eee234b8165685c9711d8e) Importer(815301076,1909f56bfc062723c751e8b465ee728b)  -> (artifact id: '24dbcb0b41b9a6cecdeccf530c36cba8') in 0.005687 seconds
Number of updated asset objects reloaded before import = 0
Number of asset objects unloaded after import = 218
========================================================================
Received Import Request.
  Time since last request: 0.000016 seconds.
  path: Assets/SO/Enemy SO/Basic Ninja.asset
  artifactKey: Guid(94b98e6a8583b504e8c81099fa2e0cbe) Importer(815301076,1909f56bfc062723c751e8b465ee728b)
Start importing Assets/SO/Enemy SO/Basic Ninja.asset using Guid(94b98e6a8583b504e8c81099fa2e0cbe) Importer(815301076,1909f56bfc062723c751e8b465ee728b)  -> (artifact id: 'd1c86898738eb2696b9298ea746ab171') in 0.005091 seconds
Number of updated asset objects reloaded before import = 0
Number of asset objects unloaded after import = 194
========================================================================
Received Import Request.
  Time since last request: 6.594994 seconds.
  path: Assets/Materials/Black.mat
  artifactKey: Guid(df418a362940d7244b1cee97a264c7da) Importer(815301076,1909f56bfc062723c751e8b465ee728b)
Start importing Assets/Materials/Black.mat using Guid(df418a362940d7244b1cee97a264c7da) Importer(815301076,1909f56bfc062723c751e8b465ee728b)  -> (artifact id: '2b606f5a5553f578df73084459164b68') in 0.026731 seconds
Number of updated asset objects reloaded before import = 0
Number of asset objects unloaded after import = 2
========================================================================
Received Import Request.
  Time since last request: 0.000019 seconds.
  path: Assets/Materials/White.mat
  artifactKey: Guid(81fa42157028e9b42a0a01801bdfbf09) Importer(815301076,1909f56bfc062723c751e8b465ee728b)
Start importing Assets/Materials/White.mat using Guid(81fa42157028e9b42a0a01801bdfbf09) Importer(815301076,1909f56bfc062723c751e8b465ee728b)  -> (artifact id: 'adca07034699497815628ab9f6386578') in 0.017198 seconds
Number of updated asset objects reloaded before import = 0
Number of asset objects unloaded after import = 2
========================================================================
Received Import Request.
  Time since last request: 0.000124 seconds.
  path: Assets/Materials/Player.physicMaterial
  artifactKey: Guid(0c6fc5c3c79853149981c0b31cd60fa9) Importer(815301076,1909f56bfc062723c751e8b465ee728b)
Start importing Assets/Materials/Player.physicMaterial using Guid(0c6fc5c3c79853149981c0b31cd60fa9) Importer(815301076,1909f56bfc062723c751e8b465ee728b)  -> (artifact id: '455fca14ef6ea07992cffbce95bc9e70') in 0.000910 seconds
Number of updated asset objects reloaded before import = 0
Number of asset objects unloaded after import = 1
========================================================================
Received Import Request.
  Time since last request: 0.000079 seconds.
  path: Assets/Materials/White Neon.mat
  artifactKey: Guid(0c385b35840188e4fa2f554ef9ee2d4a) Importer(815301076,1909f56bfc062723c751e8b465ee728b)
Start importing Assets/Materials/White Neon.mat using Guid(0c385b35840188e4fa2f554ef9ee2d4a) Importer(815301076,1909f56bfc062723c751e8b465ee728b)  -> (artifact id: '46805c50f8b1046786b324957efa4cf9') in 0.017549 seconds
Number of updated asset objects reloaded before import = 0
Number of asset objects unloaded after import = 2
========================================================================
Received Import Request.
  Time since last request: 0.000018 seconds.
  path: Assets/Materials/Green.mat
  artifactKey: Guid(e067af4442ff5bd469b186f7dd311f14) Importer(815301076,1909f56bfc062723c751e8b465ee728b)
Start importing Assets/Materials/Green.mat using Guid(e067af4442ff5bd469b186f7dd311f14) Importer(815301076,1909f56bfc062723c751e8b465ee728b)  -> (artifact id: 'e8c67dfd07a07079eb1b28bb4f077d5e') in 0.018402 seconds
Number of updated asset objects reloaded before import = 0
Number of asset objects unloaded after import = 2
========================================================================
Received Import Request.
  Time since last request: 0.000015 seconds.
  path: Assets/Materials/Purple (Cant cross).mat
  artifactKey: Guid(9d50b703129f3f74fb01c9cdc305ae21) Importer(815301076,1909f56bfc062723c751e8b465ee728b)
Start importing Assets/Materials/Purple (Cant cross).mat using Guid(9d50b703129f3f74fb01c9cdc305ae21) Importer(815301076,1909f56bfc062723c751e8b465ee728b)  -> (artifact id: '3200a3448ba9fd8f1d61bc7b31cbd171') in 0.019013 seconds
Number of updated asset objects reloaded before import = 0
Number of asset objects unloaded after import = 2
========================================================================
Received Import Request.
  Time since last request: 0.000015 seconds.
  path: Assets/Materials/Orange Particle.mat
  artifactKey: Guid(b32e5cf7baca7214b991d23cc380313a) Importer(815301076,1909f56bfc062723c751e8b465ee728b)
Start importing Assets/Materials/Orange Particle.mat using Guid(b32e5cf7baca7214b991d23cc380313a) Importer(815301076,1909f56bfc062723c751e8b465ee728b)  -> (artifact id: 'b7437bf0725f327630193bdf3f42d70d') in 0.016751 seconds
Number of updated asset objects reloaded before import = 0
Number of asset objects unloaded after import = 2
========================================================================
Received Import Request.
  Time since last request: 5.042256 seconds.
  path: Assets/SO/Time Color Change/freeze.asset
  artifactKey: Guid(718b261cde606bc448a56f1d1cc6e329) Importer(815301076,1909f56bfc062723c751e8b465ee728b)
Start importing Assets/SO/Time Color Change/freeze.asset using Guid(718b261cde606bc448a56f1d1cc6e329) Importer(815301076,1909f56bfc062723c751e8b465ee728b)  -> (artifact id: '79041817bcc04b2041db8ab0c45091e3') in 0.001123 seconds
Number of updated asset objects reloaded before import = 0
Number of asset objects unloaded after import = 1
========================================================================
Received Import Request.
  Time since last request: 0.000014 seconds.
  path: Assets/SO/Time Color Change/plain.asset
  artifactKey: Guid(2f038d3d7cf43a545a947b7693d64ab4) Importer(815301076,1909f56bfc062723c751e8b465ee728b)
Start importing Assets/SO/Time Color Change/plain.asset using Guid(2f038d3d7cf43a545a947b7693d64ab4) Importer(815301076,1909f56bfc062723c751e8b465ee728b)  -> (artifact id: '25e87f5b9c0393b67b02f98db81e8502') in 0.001119 seconds
Number of updated asset objects reloaded before import = 0
Number of asset objects unloaded after import = 1
========================================================================
Received Import Request.
  Time since last request: 0.310144 seconds.
  path: Assets/SO/Weapon SO/LazerPistol.asset
  artifactKey: Guid(2ab7c9e4a0846154190c2c242401ac48) Importer(815301076,1909f56bfc062723c751e8b465ee728b)
Start importing Assets/SO/Weapon SO/LazerPistol.asset using Guid(2ab7c9e4a0846154190c2c242401ac48) Importer(815301076,1909f56bfc062723c751e8b465ee728b)  -> (artifact id: '9a9fdf7a0d38ba0fa6d29d33aed0f0eb') in 0.003066 seconds
Number of updated asset objects reloaded before import = 0
Number of asset objects unloaded after import = 100
Editor requested this worker to shutdown with reason: Scaling down because of idle timeout
TcpMessagingSession - receive error: operation aborted. errorcode: 995, details: The I/O operation has been aborted because of either a thread exit or an application request.
AssetImportWorker is now disconnected from the server
Process exiting
Exiting without the bug reporter. Application will terminate with return code 0